 99.41	17801	17801	U	0	unclassified
  0.59	106	0	R	1	root
  0.59	106	0	D	10239	  Viruses
  0.54	97	0	D1	2731341	    Duplodnaviria
  0.54	97	0	K	2731360	      Heunggongvirae
  0.53	95	0	P	2731618	        Uroviricota
  0.53	95	3	C	2731619	          Caudoviricetes
  0.13	23	1	G	186789	            Punavirus
  0.05	9	0	S	2560452	              Punavirus RCS47
  0.05	9	9	S1	1590550	                Escherichia phage RCS47
  0.04	7	0	S	2560732	              Punavirus SJ46
  0.04	7	7	S1	1815968	                Salmonella phage SJ46
  0.03	6	0	S	10678	              Punavirus P1
  0.03	6	6	S1	2886926	                Escherichia phage P1
  0.11	19	0	O	1978007	            Crassvirales
  0.08	14	0	F	2942964	              Intestiviridae
  0.08	14	0	F1	2942972	                Crudevirinae
  0.08	14	0	G	2948652	                  Carjivirus
  0.07	12	12	S	2955582	                    Carjivirus communis
  0.01	2	0	S	2955583	                    Carjivirus hominis
  0.01	2	2	S1	2986399	                      uncultured phage cr99_1
  0.02	4	0	F	2942966	              Suoliviridae
  0.01	2	0	F1	2942975	                Oafivirinae
  0.01	2	0	G	2948645	                  Burzaovirus
  0.01	1	0	S	2955560	                    Burzaovirus coli
  0.01	1	1	S1	2772086	                      uncultured phage cr7_1
  0.01	1	0	S	2955562	                    Burzaovirus intestinihominis
  0.01	1	1	S1	2986418	                      uncultured phage cr29_1
  0.01	1	0	F1	2942968	                Bearivirinae
  0.01	1	0	G	2942989	                  Afonbuvirus
  0.01	1	0	S	2955234	                    Afonbuvirus intestinihominis
  0.01	1	1	S1	2986409	                      uncultured phage cr12_1
  0.01	1	0	F1	2942969	                Boorivirinae
  0.01	1	0	G	2942992	                  Culoivirus
  0.01	1	0	S	2955727	                    Culoivirus intestinalis
  0.01	1	1	S1	2772060	                      uncultured phage cr55_1
  0.01	1	0	F	2942965	              Steigviridae
  0.01	1	0	F1	2942967	                Asinivirinae
  0.01	1	0	G	2948812	                  Mahlunavirus
  0.01	1	0	S	2956179	                    Mahlunavirus rarus
  0.01	1	1	S1	2772076	                      uncultured phage cr128_1
  0.03	6	0	F	2946170	            Straboviridae
  0.02	4	1	G	1985328	              Slopekvirus
  0.01	1	0	S	1985337	                Slopekvirus kp15
  0.01	1	1	S1	707757	                  Klebsiella phage KP15
  0.01	1	0	S	1985338	                Slopekvirus kp27
  0.01	1	1	S1	1129147	                  Klebsiella phage KP27
  0.01	1	0	S	1985339	                Slopekvirus matisse
  0.01	1	1	S1	1675607	                  Klebsiella phage Matisse
  0.01	2	0	F1	2842519	              Twarogvirinae
  0.01	1	0	G	2842716	                Hadassahvirus
  0.01	1	0	S	2843628	                  Hadassahvirus azbtza1
  0.01	1	1	S1	2500827	                    Acinetobacter phage AbTZA1
  0.01	1	0	F2	2853023	                unclassified Twarogvirinae
  0.01	1	1	S	762660	                  Acinetobacter phage Ac42
  0.03	6	0	C1	2788787	            unclassified Caudoviricetes
  0.01	1	1	S	1805958	              Pseudomonas phage phiAH14a
  0.01	1	1	S	1407493	              Shigella phage SfIV
  0.01	1	1	S	2885983	              Microbacterium phage Pumpernickel
  0.01	1	1	S	2875722	              Pseudomonas phage psageK9
  0.01	1	1	S	906669	              Escherichia phage HK639
  0.01	1	1	S	2565372	              Corynebacterium phage EmiRose
  0.03	6	2	F	2946167	            Peduoviridae
  0.01	1	0	G	2843003	              Reipivirus
  0.01	1	0	S	2845099	                Reipivirus ST16OXA48phi54
  0.01	1	1	S1	2510483	                  Klebsiella phage ST16-OXA48phi5.4
  0.01	1	0	G	2948951	              Wadgaonvirus
  0.01	1	0	S	2956672	                Wadgaonvirus wv5004651
  0.01	1	1	S1	2716351	                  Escherichia phage 500465-1
  0.01	1	0	G	2732980	              Felsduovirus
  0.01	1	0	S	2734063	                Felsduovirus RE2010
  0.01	1	1	S1	929814	                  Salmonella phage RE2010
  0.01	1	0	G	2732986	              Phitrevirus
  0.01	1	0	S	2734069	                Phitrevirus phi3
  0.01	1	1	S1	1754217	                  Pseudomonas phage phi3
  0.03	5	0	F	3044466	            Grimontviridae
  0.03	5	0	G	3044766	              Moazamivirus
  0.02	3	0	S	3060309	                Moazamivirus 711
  0.02	3	3	S1	1054968	                  Salmonella phage 7-11
  0.01	2	0	S	3060310	                Moazamivirus SE131
  0.01	2	2	S1	2081631	                  Salmonella phage SE131
  0.02	3	0	F	2842329	            Schitoviridae
  0.01	1	0	F1	2842416	              Humphriesvirinae
  0.01	1	0	G	2842993	                Pylasvirus
  0.01	1	0	S	2845095	                  Pylasvirus pylas
  0.01	1	1	S1	2419682	                    Klebsiella phage Pylas
  0.01	1	0	F1	3044643	              Demetervirinae
  0.01	1	1	G	3044697	                Cyamitesvirus
  0.01	1	0	G	2842586	              Cbunavirus
  0.01	1	0	S	3059854	                Cbunavirus possum
  0.01	1	1	S1	2686301	                  Pectobacterium phage Possum
  0.02	3	0	F	2946160	            Kyanoviridae
  0.01	2	0	G	3044824	              Shenzhenivirus
  0.01	2	0	S	3060701	                Shenzhenivirus sszbm1
  0.01	2	2	S1	2926475	                  Synechococcus phage S-SZBM1
  0.01	1	0	G	2733117	              Neptunevirus
  0.01	1	0	S	2734122	                Neptunevirus srim50
  0.01	1	1	S1	687803	                  Cyanophage S-RIM50
  0.01	2	1	G	2843436	            Plateaulakevirus
  0.01	1	0	S	2843650	              Plateaulakevirus pv4L372XY
  0.01	1	1	S1	2588520	                Aeromonas phage 4L372XY
  0.01	2	0	G	3044715	            Ferozepurvirus
  0.01	1	0	S	3059998	              Ferozepurvirus pAEv1810
  0.01	1	1	S1	2908744	                Aeromonas phage pAEv1810
  0.01	1	0	S	3059999	              Ferozepurvirus PS1
  0.01	1	1	S1	2591406	                Aeromonas phage PS1
  0.01	2	1	G	1982355	            Pamexvirus
  0.01	1	0	S	1982357	              Pamexvirus PaMx28
  0.01	1	1	S1	1175659	                Pseudomonas phage PaMx28
  0.01	2	0	F	2731690	            Demerecviridae
  0.01	2	1	F1	2732012	              Ermolyevavirinae
  0.01	1	1	G	2948922	                Thalassavirus
  0.01	1	0	G	2560221	            Samunavirus
  0.01	1	0	S	2560683	              Samunavirus SM1
  0.01	1	1	S1	1772332	                Pseudomonas phage SM1
  0.01	1	0	G	3044787	            Pawinskivirus
  0.01	1	0	S	3060524	              Pawinskivirus PS119XW
  0.01	1	1	S1	2601632	                Pseudomonas phage vB_PaeM_PS119XW
  0.01	1	0	C1	1911928	            Vequintavirinae
  0.01	1	0	G	1914850	              Certrevirus
  0.01	1	0	S	1980961	                Certrevirus phiTE
  0.01	1	1	S1	1116482	                  Pectobacterium phage phiTE
  0.01	1	0	G	2560207	            Polybotosvirus
  0.01	1	0	S	2560286	              Polybotosvirus Atuph07
  0.01	1	1	S1	2024264	                Agrobacterium phage Atu_ph07
  0.01	1	0	F	3044479	            Stanwilliamsviridae
  0.01	1	0	F1	3044647	              Loccivirinae
  0.01	1	0	G	3044714	                Faustvirus
  0.01	1	0	S	3059994	                  Faustvirus faust
  0.01	1	1	S1	2767565	                    Streptomyces phage Faust
  0.01	1	0	G	2843451	            Sawaravirus
  0.01	1	0	S	2844234	              Sawaravirus WGPS2
  0.01	1	1	S1	1226260	                Stx2-converting phage Stx2a_WGPS2
  0.01	1	0	F	2731689	            Chaseviridae
  0.01	1	0	F1	2842409	              Cleopatravirinae
  0.01	1	0	G	2843014	                Sabourvirus
  0.01	1	0	S	2844175	                  Sabourvirus sv4HA13
  0.01	1	1	S1	2601675	                    Escherichia phage vB_EcoM_4HA13
  0.01	1	0	F	2560065	            Herelleviridae
  0.01	1	0	F1	2560070	              Bastillevirinae
  0.01	1	1	G	1910931	                Agatevirus
  0.01	1	0	G	1921544	            Septimatrevirus
  0.01	1	1	G1	2234106	              unclassified Septimatrevirus
  0.01	1	0	G	2733108	            Lagaffevirus
  0.01	1	0	S	2734112	              Lagaffevirus lagaffe
  0.01	1	1	S1	2070183	                Faecalibacterium phage FP_Lagaffe
  0.01	1	0	G	2560176	            Mimasvirus
  0.01	1	0	S	2560400	              Mimasvirus GAP32
  0.01	1	1	S1	1141136	                Cronobacter phage vB_CsaM_GAP32
  0.01	1	0	G	3044840	            Tepukevirus
  0.01	1	0	S	3060728	              Tepukevirus Psa21
  0.01	1	1	S1	2530023	                Pseudomonas phage Psa21
  0.01	1	0	C1	2842528	            Queuovirinae
  0.01	1	0	G	1982239	              Nipunavirus
  0.01	1	0	S	1982241	                Nipunavirus PaMx25
  0.01	1	1	S1	1175654	                  Pseudomonas phage PaMx25
  0.01	2	0	P	2731361	        Peploviricota
  0.01	2	0	C	2731363	          Herviviricetes
  0.01	2	0	O	548681	            Herpesvirales
  0.01	2	0	F	3044472	              Orthoherpesviridae
  0.01	2	0	F1	10357	                Betaherpesvirinae
  0.01	2	0	G	10358	                  Cytomegalovirus
  0.01	2	0	S	3050258	                    Cytomegalovirus cercopithecinebeta5
  0.01	2	2	S1	50292	                      Cercopithecine betaherpesvirus 5
  0.02	4	0	D1	2559587	    Riboviria
  0.02	3	0	K	2732396	      Orthornavirae
  0.01	2	0	P	2732407	        Lenarviricota
  0.01	2	0	C	2842243	          Leviviricetes
  0.01	2	0	O	2842249	            Timlovirales
  0.01	2	0	F	2842332	              Steitzviridae
  0.01	1	0	G	2842802	                Kinglevirus
  0.01	1	0	S	2845070	                  Kinglevirus lutadaptatum
  0.01	1	1	S1	2786389	                    ssRNA phage SRR5466337_3
  0.01	1	0	G	2842702	                Gihfavirus
  0.01	1	0	S	2844652	                  Gihfavirus pelohabitans
  0.01	1	1	S1	2786405	                    ssRNA phage SRR5466369_2
  0.01	1	0	P	2732408	        Pisuviricota
  0.01	1	0	C	2732506	          Pisoniviricetes
  0.01	1	0	O	76804	            Nidovirales
  0.01	1	0	O1	2499399	              Cornidovirineae
  0.01	1	0	F	11118	                Coronaviridae
  0.01	1	0	F1	2501931	                  Orthocoronavirinae
  0.01	1	0	G	693996	                    Alphacoronavirus
  0.01	1	0	G1	2509480	                      Duvinacovirus
  0.01	1	0	S	11137	                        Human coronavirus 229E
  0.01	1	1	S1	1699095	                          Camel alphacoronavirus
  0.01	1	0	K	2732397	      Pararnavirae
  0.01	1	0	P	2732409	        Artverviricota
  0.01	1	0	C	2732514	          Revtraviricetes
  0.01	1	0	O	2169561	            Ortervirales
  0.01	1	0	F	186534	              Caulimoviridae
  0.01	1	0	G	10652	                Badnavirus
  0.01	1	0	S	3047843	                  Badnavirus venaribis
  0.01	1	1	S1	157270	                    Gooseberry vein banding associated virus
  0.01	2	0	C	2840056	    Naldaviricetes
  0.01	2	0	O	2840070	      Lefavirales
  0.01	2	0	F	10442	        Baculoviridae
  0.01	1	0	G	558016	          Alphabaculovirus
  0.01	1	0	S	3047695	            Alphabaculovirus bomori
  0.01	1	1	S1	271108	              Bombyx mori nucleopolyhedrovirus
  0.01	1	1	G	558017	          Betabaculovirus
  0.01	2	0	D1	2732004	    Varidnaviria
  0.01	2	0	K	2732005	      Bamfordvirae
  0.01	2	0	P	2732007	        Nucleocytoviricota
  0.01	1	0	C	2732523	          Megaviricetes
  0.01	1	0	O	2732554	            Imitervirales
  0.01	1	0	F	549779	              Mimiviridae
  0.01	1	0	F1	3044648	                Megamimivirinae
  0.01	1	0	G	3080801	                  Moumouvirus
  0.01	1	0	S	1128137	                    Moumouvirus moumou
  0.01	1	1	S1	1269028	                      Acanthamoeba polyphaga moumouvirus
  0.01	1	0	C	2732525	          Pokkesviricetes
  0.01	1	0	O	2732527	            Chitovirales
  0.01	1	0	F	10240	              Poxviridae
  0.01	1	0	F1	10241	                Chordopoxvirinae
  0.01	1	0	G	10260	                  Avipoxvirus
  0.01	1	1	S	44088	                    Canarypox virus
  0.01	1	0	D1	12429	    unclassified viruses
  0.01	1	0	D2	2204151	      unclassified DNA viruses
  0.01	1	0	D3	51368	        unclassified dsDNA viruses
  0.01	1	0	G	2060084	          Pandoravirus
  0.01	1	1	S	2107709	            Pandoravirus quercus
